<?xml version="1.0" encoding="UTF-8"?>
<testsuite name="TestSuite" time="0.094" tests="2" errors="0" skipped="0" failures="1">
  <properties>
    <property name="java.vendor" value="Oracle Corporation"/>
    <property name="JOB_NAME" value="test1"/>
    <property name="PWD" value="/Users/lulu/Documents/selenium/apache-tomcat-9.0.21/bin"/>
    <property name="JDK_JAVA_OPTIONS" value=" --add-opens=java.base/java.lang=ALL-UNNAMED --add-opens=java.base/java.io=ALL-UNNAMED --add-opens=java.rmi/sun.rmi.transport=ALL-UNNAMED"/>
    <property name="sun.java.launcher" value="SUN_STANDARD"/>
    <property name="MONO_HOME" value="/Library/Frameworks/Mono.framework/Versions/5.16.0"/>
    <property name="sun.management.compiler" value="HotSpot 64-Bit Tiered Compilers"/>
    <property name="JENKINS_HOME" value="/Users/lulu/.jenkins"/>
    <property name="PATH" value="/Users/lulu/Documents/flutter-macosx/flutter/bin:/Library/Java/JavaVirtualMachines/jdk1.8.0_181.jdk/Contents/Home/bin:/usr/local/bin:/usr/bin:/bin:/usr/sbin:/sbin:/Applications/VMware Fusion.app/Contents/Public:/Library/Frameworks/Mono.framework/Versions/Current/Commands::/Users/lulu/Library/Android/sdk/tools:/Users/lulu/Library/Android/sdk/platform-tools:/Library/Frameworks/Mono.framework/Versions/5.16.0/bin"/>
    <property name="HUDSON_SERVER_COOKIE" value="f239147ae1682618"/>
    <property name="POM_ARTIFACTID" value="Selenium"/>
    <property name="os.name" value="Mac OS X"/>
    <property name="TERM_PROGRAM" value="Apple_Terminal"/>
    <property name="sun.boot.class.path" value="/Library/Java/JavaVirtualMachines/jdk1.8.0_181.jdk/Contents/Home/jre/lib/resources.jar:/Library/Java/JavaVirtualMachines/jdk1.8.0_181.jdk/Contents/Home/jre/lib/rt.jar:/Library/Java/JavaVirtualMachines/jdk1.8.0_181.jdk/Contents/Home/jre/lib/sunrsasign.jar:/Library/Java/JavaVirtualMachines/jdk1.8.0_181.jdk/Contents/Home/jre/lib/jsse.jar:/Library/Java/JavaVirtualMachines/jdk1.8.0_181.jdk/Contents/Home/jre/lib/jce.jar:/Library/Java/JavaVirtualMachines/jdk1.8.0_181.jdk/Contents/Home/jre/lib/charsets.jar:/Library/Java/JavaVirtualMachines/jdk1.8.0_181.jdk/Contents/Home/jre/lib/jfr.jar:/Library/Java/JavaVirtualMachines/jdk1.8.0_181.jdk/Contents/Home/jre/classes"/>
    <property name="EXECUTOR_NUMBER" value="1"/>
    <property name="TERM_SESSION_ID" value="080BBC03-4435-4DFB-978C-AC7FDEB88398"/>
    <property name="java.vm.specification.vendor" value="Oracle Corporation"/>
    <property name="POM_DISPLAYNAME" value="Selenium"/>
    <property name="NODE_LABELS" value="master"/>
    <property name="java.runtime.version" value="1.8.0_181-b13"/>
    <property name="user.name" value="lulu"/>
    <property name="guice.disable.misplaced.annotation.check" value="true"/>
    <property name="SSH_AGENT_PID" value="26857"/>
    <property name="user.language" value="zh"/>
    <property name="JOB_BASE_NAME" value="test1"/>
    <property name="RUN_CHANGES_DISPLAY_URL" value="http://localhost:8080/jenkins/job/test1/4/display/redirect?page=changes"/>
    <property name="BUILD_DISPLAY_NAME" value="#4"/>
    <property name="TMPDIR" value="/var/folders/d_/wryh5_ld00j1fwj_vk3nlxt40000gn/T/"/>
    <property name="sun.boot.library.path" value="/Library/Java/JavaVirtualMachines/jdk1.8.0_181.jdk/Contents/Home/jre/lib"/>
    <property name="GIT_PREVIOUS_SUCCESSFUL_COMMIT" value="e0ba8e77b8984f1d5340ae141fe071ec312c8cc5"/>
    <property name="PUB_HOSTED_URL" value="https://pub.flutter-io.cn"/>
    <property name="java.version" value="1.8.0_181"/>
    <property name="XPC_FLAGS" value="0x0"/>
    <property name="user.timezone" value="Asia/Shanghai"/>
    <property name="sun.arch.data.model" value="64"/>
    <property name="NODE_NAME" value="master"/>
    <property name="TERM" value="xterm-256color"/>
    <property name="java.endorsed.dirs" value="/Library/Java/JavaVirtualMachines/jdk1.8.0_181.jdk/Contents/Home/jre/lib/endorsed"/>
    <property name="BUILD_ID" value="4"/>
    <property name="sun.cpu.isalist" value=""/>
    <property name="sun.jnu.encoding" value="UTF-8"/>
    <property name="file.encoding.pkg" value="sun.io"/>
    <property name="SHELL" value="/bin/bash"/>
    <property name="file.separator" value="/"/>
    <property name="java.specification.name" value="Java Platform API Specification"/>
    <property name="maven.conf" value="/Users/lulu/Documents/selenium/apache-maven-3.5.4/conf"/>
    <property name="java.class.version" value="52.0"/>
    <property name="org.slf4j.simpleLogger.defaultLogLevel" value="info"/>
    <property name="user.country" value="CN"/>
    <property name="java.home" value="/Library/Java/JavaVirtualMachines/jdk1.8.0_181.jdk/Contents/Home/jre"/>
    <property name="java.vm.info" value="mixed mode"/>
    <property name="os.version" value="10.14.3"/>
    <property name="RUN_DISPLAY_URL" value="http://localhost:8080/jenkins/job/test1/4/display/redirect"/>
    <property name="POM_VERSION" value="1.0-SNAPSHOT"/>
    <property name="sun.font.fontmanager" value="sun.font.CFontManager"/>
    <property name="path.separator" value=":"/>
    <property name="java.vm.version" value="25.181-b13"/>
    <property name="GIT_PREVIOUS_COMMIT" value="20f7c07817eaea14d060fd603e48e2836a64e32d"/>
    <property name="JOB_DISPLAY_URL" value="http://localhost:8080/jenkins/job/test1/display/redirect"/>
    <property name="SHLVL" value="2"/>
    <property name="_" value="/Library/Java/JavaVirtualMachines/jdk1.8.0_181.jdk/Contents/Home/bin/java"/>
    <property name="java.awt.printerjob" value="sun.lwawt.macosx.CPrinterJob"/>
    <property name="JAVA_HOME" value="/Library/Java/JavaVirtualMachines/jdk1.8.0_181.jdk/Contents/Home"/>
    <property name="sun.io.unicode.encoding" value="UnicodeBig"/>
    <property name="FLUTTER_STORAGE_BASE_URL" value="https://storage.flutter-io.cn"/>
    <property name="awt.toolkit" value="sun.lwawt.macosx.LWCToolkit"/>
    <property name="LOGNAME" value="lulu"/>
    <property name="POM_PACKAGING" value="jar"/>
    <property name="HOME" value="/Users/lulu"/>
    <property name="POM_GROUPID" value="AutoTest"/>
    <property name="user.home" value="/Users/lulu"/>
    <property name="BUILD_TAG" value="jenkins-test1-4"/>
    <property name="JENKINS_SERVER_COOKIE" value="f239147ae1682618"/>
    <property name="HUDSON_URL" value="http://localhost:8080/jenkins/"/>
    <property name="XPC_SERVICE_NAME" value="0"/>
    <property name="java.specification.vendor" value="Oracle Corporation"/>
    <property name="CLASSPATH" value=""/>
    <property name="java.vendor.url" value="http://java.oracle.com/"/>
    <property name="java.library.path" value="/Users/lulu/Library/Java/Extensions:/Library/Java/Extensions:/Network/Library/Java/Extensions:/System/Library/Java/Extensions:/usr/lib/java:."/>
    <property name="Apple_PubSub_Socket_Render" value="/private/tmp/com.apple.launchd.OGrF4fxdIM/Render"/>
    <property name="gopherProxySet" value="false"/>
    <property name="java.vm.vendor" value="Oracle Corporation"/>
    <property name="java.runtime.name" value="Java(TM) SE Runtime Environment"/>
    <property name="maven.home" value="/Users/lulu/Documents/selenium/apache-maven-3.5.4"/>
    <property name="java.class.path" value="/Users/lulu/.jenkins/plugins/maven-plugin/WEB-INF/lib/maven35-agent-1.13.jar:/Users/lulu/Documents/selenium/apache-maven-3.5.4/boot/plexus-classworlds-2.5.2.jar:/Users/lulu/Documents/selenium/apache-maven-3.5.4/conf/logging"/>
    <property name="sun.java.command" value="jenkins.maven3.agent.Maven35Main /Users/lulu/Documents/selenium/apache-maven-3.5.4/ /Users/lulu/Documents/selenium/apache-tomcat-9.0.21/webapps/jenkins/WEB-INF/lib/remoting-3.29.jar /Users/lulu/.jenkins/plugins/maven-plugin/WEB-INF/lib/maven35-interceptor-1.13.jar /Users/lulu/.jenkins/plugins/maven-plugin/WEB-INF/lib/maven3-interceptor-commons-1.13.jar 55168"/>
    <property name="java.vm.specification.name" value="Java Virtual Machine Specification"/>
    <property name="java.vm.specification.version" value="1.8"/>
    <property name="sun.os.patch.level" value="unknown"/>
    <property name="sun.cpu.endian" value="little"/>
    <property name="M2_HOME" value="/Users/lulu/Documents/selenium/apache-maven-3.5.4/"/>
    <property name="java.io.tmpdir" value="/var/folders/d_/wryh5_ld00j1fwj_vk3nlxt40000gn/T/"/>
    <property name="HUDSON_HOME" value="/Users/lulu/.jenkins"/>
    <property name="PATH+MAVEN" value="/Users/lulu/Documents/selenium/apache-maven-3.5.4//bin"/>
    <property name="BUILD_URL" value="http://localhost:8080/jenkins/job/test1/4/"/>
    <property name="java.vendor.url.bug" value="http://bugreport.sun.com/bugreport/"/>
    <property name="SSH_AUTH_SOCK" value="/var/folders/d_/wryh5_ld00j1fwj_vk3nlxt40000gn/T//ssh-YDMCY9pKX1bD/agent.26856"/>
    <property name="java.awt.graphicsenv" value="sun.awt.CGraphicsEnvironment"/>
    <property name="os.arch" value="x86_64"/>
    <property name="java.ext.dirs" value="/Users/lulu/Library/Java/Extensions:/Library/Java/JavaVirtualMachines/jdk1.8.0_181.jdk/Contents/Home/jre/lib/ext:/Library/Java/Extensions:/Network/Library/Java/Extensions:/System/Library/Java/Extensions:/usr/lib/java"/>
    <property name="__CF_USER_TEXT_ENCODING" value="0x1F5:0x19:0x34"/>
    <property name="user.dir" value="/Users/lulu/IdeaProjects/Selenium_demo1"/>
    <property name="JOB_URL" value="http://localhost:8080/jenkins/job/test1/"/>
    <property name="line.separator" value="&#10;"/>
    <property name="MAVEN_HOME" value="/Users/lulu/Documents/selenium/apache-maven-3.5.4/"/>
    <property name="java.vm.name" value="Java HotSpot(TM) 64-Bit Server VM"/>
    <property name="BUILD_NUMBER" value="4"/>
    <property name="ANDROID_HOME" value="/Users/lulu/Library/Android/sdk"/>
    <property name="JENKINS_URL" value="http://localhost:8080/jenkins/"/>
    <property name="TERM_PROGRAM_VERSION" value="421.1"/>
    <property name="GIT_BRANCH" value="origin/master"/>
    <property name="JAVA_MAIN_CLASS_30064" value="org.apache.catalina.startup.Bootstrap"/>
    <property name="GIT_COMMIT" value="20f7c07817eaea14d060fd603e48e2836a64e32d"/>
    <property name="file.encoding" value="UTF-8"/>
    <property name="LANG" value="zh_CN.UTF-8"/>
    <property name="maven3.interceptor" value="/Users/lulu/.jenkins/plugins/maven-plugin/WEB-INF/lib/maven35-interceptor-1.13.jar"/>
    <property name="WORKSPACE" value="/Users/lulu/.jenkins/workspace/test1"/>
    <property name="maven3.interceptor.common" value="/Users/lulu/.jenkins/plugins/maven-plugin/WEB-INF/lib/maven3-interceptor-commons-1.13.jar"/>
    <property name="java.specification.version" value="1.8"/>
    <property name="USER" value="lulu"/>
    <property name="GIT_URL" value="git@github.com:xiaobai1315/autoTest.git"/>
  </properties>
  <testcase name="test2" classname="com.automator.TestNG3" time="0.094">
    <failure message="The path to the driver executable must be set by the webdriver.chrome.driver system property; for more information, see https://github.com/SeleniumHQ/selenium/wiki/ChromeDriver. The latest version can be downloaded from http://chromedriver.storage.googleapis.com/index.html" type="java.lang.IllegalStateException"><![CDATA[java.lang.IllegalStateException: The path to the driver executable must be set by the webdriver.chrome.driver system property; for more information, see https://github.com/SeleniumHQ/selenium/wiki/ChromeDriver. The latest version can be downloaded from http://chromedriver.storage.googleapis.com/index.html
	at com.google.common.base.Preconditions.checkState(Preconditions.java:754)
	at org.openqa.selenium.remote.service.DriverService.findExecutable(DriverService.java:124)
	at org.openqa.selenium.chrome.ChromeDriverService.access$000(ChromeDriverService.java:32)
	at org.openqa.selenium.chrome.ChromeDriverService$Builder.findDefaultExecutable(ChromeDriverService.java:137)
	at org.openqa.selenium.remote.service.DriverService$Builder.build(DriverService.java:339)
	at org.openqa.selenium.chrome.ChromeDriverService.createDefaultService(ChromeDriverService.java:88)
	at org.openqa.selenium.chrome.ChromeDriver.<init>(ChromeDriver.java:116)
	at com.automator.TestNG3.test2(TestNG3.java:15)
]]></failure>
  </testcase>
  <testcase name="test3" classname="com.automator.TestNG3" time="0"/>
</testsuite>