<?xml version="1.0" encoding="UTF-8"?>
<!-- Generated by org.testng.reporters.JUnitReportReporter -->
<testsuite skipped="0" hostname="luludeMacBook-Pro.local" name="com.automator.TestNG3" tests="2" failures="0" timestamp="19 六月 2019 01:27:03 GMT" time="0.007" errors="0">
  <testcase name="test2" time="0.006" classname="com.automator.TestNG3"/>
  <testcase name="test3" time="0.001" classname="com.automator.TestNG3"/>
</testsuite> <!-- com.automator.TestNG3 -->
